<?xml version="1.0" encoding="UTF-8"?>
<testsuite name="vn.travel.booking.TravelBookingApplicationTests" tests="1" skipped="0" failures="0" errors="0" timestamp="2026-01-12T17:13:29.115Z" hostname="DESKTOP-1EAAS0B" time="0.436">
  <properties/>
  <testcase name="contextLoads()" classname="vn.travel.booking.TravelBookingApplicationTests" time="0.436"/>
  <system-out><![CDATA[00:13:23.500 [Test worker] INFO org.springframework.test.context.support.AnnotationConfigContextLoaderUtils -- Could not detect default configuration classes for test class [vn.travel.booking.TravelBookingApplicationTests]: TravelBookingApplicationTests does not declare any static, non-private, non-final, nested classes annotated with @Configuration.
00:13:23.593 [Test worker] INFO org.springframework.boot.test.context.SpringBootTestContextBootstrapper -- Found @SpringBootConfiguration vn.travel.booking.TravelBookingApplication for test class vn.travel.booking.TravelBookingApplicationTests

  .   ____          _            __ _ _
 /\\ / ___'_ __ _ _(_)_ __  __ _ \ \ \ \
( ( )\___ | '_ | '_| | '_ \/ _` | \ \ \ \
 \\/  ___)| |_)| | | | | || (_| |  ) ) ) )
  '  |____| .__|_| |_|_| |_\__, | / / / /
 =========|_|==============|___/=/_/_/_/
 :: Spring Boot ::                (v3.2.4)

2026-01-13T00:13:23.902+07:00  INFO 19308 --- [TravelBooking] [    Test worker] v.t.b.TravelBookingApplicationTests      : Starting TravelBookingApplicationTests using Java 21.0.8 with PID 19308 (started by Acer in D:\PRJPRSL\booking-room-backend)
2026-01-13T00:13:23.903+07:00  INFO 19308 --- [TravelBooking] [    Test worker] v.t.b.TravelBookingApplicationTests      : No active profile set, falling back to 1 default profile: "default"
2026-01-13T00:13:24.781+07:00  INFO 19308 --- [TravelBooking] [    Test worker] .s.d.r.c.RepositoryConfigurationDelegate : Bootstrapping Spring Data JPA repositories in DEFAULT mode.
2026-01-13T00:13:24.830+07:00  INFO 19308 --- [TravelBooking] [    Test worker] .s.d.r.c.RepositoryConfigurationDelegate : Finished Spring Data repository scanning in 41 ms. Found 2 JPA repository interfaces.
2026-01-13T00:13:25.489+07:00  INFO 19308 --- [TravelBooking] [    Test worker] o.hibernate.jpa.internal.util.LogHelper  : HHH000204: Processing PersistenceUnitInfo [name: default]
2026-01-13T00:13:25.544+07:00  INFO 19308 --- [TravelBooking] [    Test worker] org.hibernate.Version                    : HHH000412: Hibernate ORM core version 6.4.4.Final
2026-01-13T00:13:25.586+07:00  INFO 19308 --- [TravelBooking] [    Test worker] o.h.c.internal.RegionFactoryInitiator    : HHH000026: Second-level cache disabled
2026-01-13T00:13:25.768+07:00  INFO 19308 --- [TravelBooking] [    Test worker] o.s.o.j.p.SpringPersistenceUnitInfo      : No LoadTimeWeaver setup: ignoring JPA class transformer
2026-01-13T00:13:25.786+07:00  INFO 19308 --- [TravelBooking] [    Test worker] com.zaxxer.hikari.HikariDataSource       : HikariPool-1 - Starting...
2026-01-13T00:13:25.922+07:00  INFO 19308 --- [TravelBooking] [    Test worker] com.zaxxer.hikari.pool.HikariPool        : HikariPool-1 - Added connection org.postgresql.jdbc.PgConnection@5cc075da
2026-01-13T00:13:25.923+07:00  INFO 19308 --- [TravelBooking] [    Test worker] com.zaxxer.hikari.HikariDataSource       : HikariPool-1 - Start completed.
2026-01-13T00:13:25.949+07:00  WARN 19308 --- [TravelBooking] [    Test worker] org.hibernate.orm.deprecation            : HHH90000025: PostgreSQLDialect does not need to be specified explicitly using 'hibernate.dialect' (remove the property setting and it will be selected by default)
2026-01-13T00:13:26.945+07:00  INFO 19308 --- [TravelBooking] [    Test worker] o.h.e.t.j.p.i.JtaPlatformInitiator       : HHH000489: No JTA platform available (set 'hibernate.transaction.jta.platform' to enable JTA platform integration)
2026-01-13T00:13:27.118+07:00  INFO 19308 --- [TravelBooking] [    Test worker] j.LocalContainerEntityManagerFactoryBean : Initialized JPA EntityManagerFactory for persistence unit 'default'
2026-01-13T00:13:27.721+07:00  WARN 19308 --- [TravelBooking] [    Test worker] JpaBaseConfiguration$JpaWebConfiguration : spring.jpa.open-in-view is enabled by default. Therefore, database queries may be performed during view rendering. Explicitly configure spring.jpa.open-in-view to disable this warning
2026-01-13T00:13:28.200+07:00  INFO 19308 --- [TravelBooking] [    Test worker] o.s.b.a.e.web.EndpointLinksResolver      : Exposing 1 endpoint(s) beneath base path '/actuator'
2026-01-13T00:13:28.372+07:00  INFO 19308 --- [TravelBooking] [    Test worker] o.s.s.web.DefaultSecurityFilterChain     : Will secure any request with [org.springframework.security.web.session.DisableEncodeUrlFilter@2ba7828b, org.springframework.security.web.context.request.async.WebAsyncManagerIntegrationFilter@3e6945c6, org.springframework.security.web.context.SecurityContextHolderFilter@3bad0efd, org.springframework.security.web.header.HeaderWriterFilter@4e6c4c55, org.springframework.web.filter.CorsFilter@16e6a643, org.springframework.security.web.authentication.logout.LogoutFilter@33e09baf, org.springframework.security.oauth2.server.resource.web.authentication.BearerTokenAuthenticationFilter@595626b8, org.springframework.security.web.savedrequest.RequestCacheAwareFilter@5080c40e, org.springframework.security.web.servletapi.SecurityContextHolderAwareRequestFilter@1000303a, org.springframework.security.web.authentication.AnonymousAuthenticationFilter@3514ea20, org.springframework.security.web.session.SessionManagementFilter@60ee1a29, org.springframework.security.web.access.ExceptionTranslationFilter@6701fbf3, org.springframework.security.web.access.intercept.AuthorizationFilter@5cdb7b]
2026-01-13T00:13:29.036+07:00  INFO 19308 --- [TravelBooking] [    Test worker] v.t.b.TravelBookingApplicationTests      : Started TravelBookingApplicationTests in 5.31 seconds (process running for 6.276)
]]></system-out>
  <system-err><![CDATA[WARNING: A Java agent has been loaded dynamically (C:\Users\Acer\.gradle\caches\modules-2\files-2.1\net.bytebuddy\byte-buddy-agent\1.14.12\be4984cb6fd1ef1d11f218a648889dfda44b8a15\byte-buddy-agent-1.14.12.jar)
WARNING: If a serviceability tool is in use, please run with -XX:+EnableDynamicAgentLoading to hide this warning
WARNING: If a serviceability tool is not in use, please run with -Djdk.instrument.traceUsage for more information
WARNING: Dynamic loading of agents will be disallowed by default in a future release
]]></system-err>
</testsuite>
